<?xml version="1.0" encoding="UTF-8"?>
<!-- Generated by org.testng.reporters.JUnitXMLReporter -->
<testsuite ignored="0" hostname="MSI" failures="1" tests="1" name="Checkout Page Flow .." time="1.687" errors="0" timestamp="2024-08-25T20:24:54 IST">
  <testcase classname="com.simplilearn.PizzahutTestNgProject.excelDataProvider" name="@AfterClass closeBrowser" time="0.014">
    <failure type="java.lang.NullPointerException" message="Cannot invoke &amp;quot;org.openqa.selenium.WebDriver.close()&amp;quot; because &amp;quot;this.driver&amp;quot; is null">
      <![CDATA[java.lang.NullPointerException: Cannot invoke "org.openqa.selenium.WebDriver.close()" because "this.driver" is null
at com.simplilearn.PizzahutTestNgProject.excelDataProvider.closeBrowser(excelDataProvider.java:104)
at java.base/java.util.ArrayList.forEach(ArrayList.java:1511)
... Removed 26 stack frames]]>
    </failure>
  </testcase> <!-- @AfterClass closeBrowser -->
  <testcase classname="com.simplilearn.PizzahutTestNgProject.excelDataProvider" name="test1" time="1.611">
    <failure type="org.testng.internal.reflect.MethodMatcherException" message="
[public void com.simplilearn.PizzahutTestNgProject.excelDataProvider.test1(java.lang.String,java.lang.String,java.lang.String,java.lang.String,java.lang.String)] has no parameters defined but was found to be using a data provider (either explicitly specified or inherited from class level annotation).
Data provider mismatch
Method: test1([java.lang.String arg0, java.lang.String arg1, java.lang.String arg2, java.lang.String arg3, java.lang.String arg4])
Arguments: [(java.lang.String) https://www.pizzahut.co.in]">
      <![CDATA[org.testng.internal.reflect.MethodMatcherException: 
[public void com.simplilearn.PizzahutTestNgProject.excelDataProvider.test1(java.lang.String,java.lang.String,java.lang.String,java.lang.String,java.lang.String)] has no parameters defined but was found to be using a data provider (either explicitly specified or inherited from class level annotation).
Data provider mismatch
Method: test1([java.lang.String arg0, java.lang.String arg1, java.lang.String arg2, java.lang.String arg3, java.lang.String arg4])
Arguments: [(java.lang.String) https://www.pizzahut.co.in]
at java.base/java.util.ArrayList.forEach(ArrayList.java:1511)
... Removed 22 stack frames]]>
    </failure>
  </testcase> <!-- test1 -->
</testsuite> <!-- Checkout Page Flow .. -->
